[1021/201929.192:ERROR:directory_reader_win.cc(43)] FindFirstFile: Das System kann den angegebenen Pfad nicht finden. (0x3)
[1021/203251.732:ERROR:process_memory_win.cc(73)] ReadMemory at 0x7ff600700000 of 64 bytes failed: Nur ein Teil der ReadProcessMemory- oder WriteProcessMemory-Anforderung wurde abgeschlossen. (0x12B)
[1021/203251.732:WARNING:pe_image_reader.cc(340)] could not read dos header from C:\Program Files (x86)\Google\Chrome\Application\chrome.exe
[1021/203251.732:ERROR:process_memory_win.cc(73)] ReadMemory at 0x7ff82b640000 of 64 bytes failed: Nur ein Teil der ReadProcessMemory- oder WriteProcessMemory-Anforderung wurde abgeschlossen. (0x12B)
[1021/203251.732:WARNING:pe_image_reader.cc(340)] could not read dos header from C:\Windows\SYSTEM32\ntdll.dll
[1021/203251.733:ERROR:process_memory_win.cc(73)] ReadMemory at 0x7ff82a220000 of 64 bytes failed: Nur ein Teil der ReadProcessMemory- oder WriteProcessMemory-Anforderung wurde abgeschlossen. (0x12B)
[1021/203251.733:WARNING:pe_image_reader.cc(340)] could not read dos header from C:\Windows\System32\KERNEL32.DLL
[1021/203251.733:ERROR:process_memory_win.cc(73)] ReadMemory at 0x7ff828700000 of 64 bytes failed: Nur ein Teil der ReadProcessMemory- oder WriteProcessMemory-Anforderung wurde abgeschlossen. (0x12B)
[1021/203251.733:WARNING:pe_image_reader.cc(340)] could not read dos header from C:\Windows\System32\KERNELBASE.dll
[1021/203251.733:ERROR:process_memory_win.cc(73)] ReadMemory at 0x17598d1ace0 of 72 bytes failed: Nur ein Teil der ReadProcessMemory- oder WriteProcessMemory-Anforderung wurde abgeschlossen. (0x12B)
[1021/203251.733:WARNING:pe_image_annotations_reader.cc(135)] could not read annotations list object in C:\Program Files (x86)\Google\Chrome\Application\86.0.4240.75\chrome_elf.dll
[1021/203251.733:ERROR:process_memory_win.cc(73)] ReadMemory at 0x7ff821510000 of 64 bytes failed: Nur ein Teil der ReadProcessMemory- oder WriteProcessMemory-Anforderung wurde abgeschlossen. (0x12B)
[1021/203251.733:WARNING:pe_image_reader.cc(340)] could not read dos header from C:\Windows\SYSTEM32\VERSION.dll
[1021/203251.733:ERROR:process_memory_win.cc(73)] ReadMemory at 0x7ff82b250000 of 64 bytes failed: Nur ein Teil der ReadProcessMemory- oder WriteProcessMemory-Anforderung wurde abgeschlossen. (0x12B)
[1021/203251.733:WARNING:pe_image_reader.cc(340)] could not read dos header from C:\Windows\System32\msvcrt.dll
[1021/203251.733:ERROR:process_memory_win.cc(73)] ReadMemory at 0x7ff828b00000 of 64 bytes failed: Nur ein Teil der ReadProcessMemory- oder WriteProcessMemory-Anforderung wurde abgeschlossen. (0x12B)
[1021/203251.733:WARNING:pe_image_reader.cc(340)] could not read dos header from C:\Windows\System32\bcryptPrimitives.dll
[1021/203251.733:ERROR:process_memory_win.cc(73)] ReadMemory at 0x7ff82a830000 of 64 bytes failed: Nur ein Teil der ReadProcessMemory- oder WriteProcessMemory-Anforderung wurde abgeschlossen. (0x12B)
[1021/203251.733:WARNING:pe_image_reader.cc(340)] could not read dos header from C:\Windows\System32\ADVAPI32.dll
[1021/203251.733:ERROR:process_memory_win.cc(73)] ReadMemory at 0x7ff82b560000 of 64 bytes failed: Nur ein Teil der ReadProcessMemory- oder WriteProcessMemory-Anforderung wurde abgeschlossen. (0x12B)
[1021/203251.733:WARNING:pe_image_reader.cc(340)] could not read dos header from C:\Windows\System32\sechost.dll
[1021/203251.733:ERROR:process_memory_win.cc(73)] ReadMemory at 0x7ff82a080000 of 64 bytes failed: Nur ein Teil der ReadProcessMemory- oder WriteProcessMemory-Anforderung wurde abgeschlossen. (0x12B)
[1021/203251.734:WARNING:pe_image_reader.cc(340)] could not read dos header from C:\Windows\System32\RPCRT4.dll
[1021/203251.734:ERROR:process_memory_win.cc(73)] ReadMemory at 0x7fffb3ca0000 of 64 bytes failed: Nur ein Teil der ReadProcessMemory- oder WriteProcessMemory-Anforderung wurde abgeschlossen. (0x12B)
[1021/203251.734:WARNING:pe_image_reader.cc(340)] could not read dos header from C:\Program Files (x86)\Google\Chrome\Application\86.0.4240.75\chrome.dll
[1021/203251.734:ERROR:process_memory_win.cc(73)] ReadMemory at 0x7ff829f60000 of 64 bytes failed: Nur ein Teil der ReadProcessMemory- oder WriteProcessMemory-Anforderung wurde abgeschlossen. (0x12B)
[1021/203251.734:WARNING:pe_image_reader.cc(340)] could not read dos header from C:\Windows\System32\WS2_32.dll
[1021/203251.734:ERROR:process_memory_win.cc(73)] ReadMemory at 0x7ff82b0d0000 of 64 bytes failed: Nur ein Teil der ReadProcessMemory- oder WriteProcessMemory-Anforderung wurde abgeschlossen. (0x12B)
[1021/203251.734:WARNING:pe_image_reader.cc(340)] could not read dos header from C:\Windows\System32\OLEAUT32.dll
[1021/203251.734:ERROR:process_memory_win.cc(73)] ReadMemory at 0x7ff828c30000 of 64 bytes failed: Nur ein Teil der ReadProcessMemory- oder WriteProcessMemory-Anforderung wurde abgeschlossen. (0x12B)
[1021/203251.734:WARNING:pe_image_reader.cc(340)] could not read dos header from C:\Windows\System32\msvcp_win.dll
[1021/203251.734:ERROR:process_memory_win.cc(73)] ReadMemory at 0x7ff828600000 of 64 bytes failed: Nur ein Teil der ReadProcessMemory- oder WriteProcessMemory-Anforderung wurde abgeschlossen. (0x12B)
[1021/203251.734:WARNING:pe_image_reader.cc(340)] could not read dos header from C:\Windows\System32\ucrtbase.dll
[1021/203251.734:ERROR:process_memory_win.cc(73)] ReadMemory at 0x7ff829c00000 of 64 bytes failed: Nur ein Teil der ReadProcessMemory- oder WriteProcessMemory-Anforderung wurde abgeschlossen. (0x12B)
[1021/203251.734:WARNING:pe_image_reader.cc(340)] could not read dos header from C:\Windows\System32\combase.dll
[1021/203251.734:ERROR:process_memory_win.cc(73)] ReadMemory at 0x7ff828bd0000 of 64 bytes failed: Nur ein Teil der ReadProcessMemory- oder WriteProcessMemory-Anforderung wurde abgeschlossen. (0x12B)
[1021/203251.734:WARNING:pe_image_reader.cc(340)] could not read dos header from C:\Windows\System32\WINTRUST.dll
[1021/203251.734:ERROR:process_memory_win.cc(73)] ReadMemory at 0x7ff8285b0000 of 64 bytes failed: Nur ein Teil der ReadProcessMemory- oder WriteProcessMemory-Anforderung wurde abgeschlossen. (0x12B)
[1021/203251.735:WARNING:pe_image_reader.cc(340)] could not read dos header from C:\Windows\System32\MSASN1.dll
[1021/203251.735:ERROR:process_memory_win.cc(73)] ReadMemory at 0x7ff8289b0000 of 64 bytes failed: Nur ein Teil der ReadProcessMemory- oder WriteProcessMemory-Anforderung wurde abgeschlossen. (0x12B)
[1021/203251.735:WARNING:pe_image_reader.cc(340)] could not read dos header from C:\Windows\System32\CRYPT32.dll
[1021/203251.735:ERROR:process_memory_win.cc(73)] ReadMemory at 0x7ff811e80000 of 64 bytes failed: Nur ein Teil der ReadProcessMemory- oder WriteProcessMemory-Anforderung wurde abgeschlossen. (0x12B)
[1021/203251.735:WARNING:pe_image_reader.cc(340)] could not read dos header from C:\Windows\SYSTEM32\dbghelp.dll
[1021/203251.735:ERROR:process_memory_win.cc(73)] ReadMemory at 0x7ff827a60000 of 64 bytes failed: Nur ein Teil der ReadProcessMemory- oder WriteProcessMemory-Anforderung wurde abgeschlossen. (0x12B)
[1021/203251.735:WARNING:pe_image_reader.cc(340)] could not read dos header from C:\Windows\SYSTEM32\IPHLPAPI.DLL
[1021/203251.735:ERROR:process_memory_win.cc(73)] ReadMemory at 0x7ff8260d0000 of 64 bytes failed: Nur ein Teil der ReadProcessMemory- oder WriteProcessMemory-Anforderung wurde abgeschlossen. (0x12B)
[1021/203251.735:WARNING:pe_image_reader.cc(340)] could not read dos header from C:\Windows\SYSTEM32\WINMM.dll
[1021/203251.735:ERROR:process_memory_win.cc(73)] ReadMemory at 0x7ff807190000 of 64 bytes failed: Nur ein Teil der ReadProcessMemory- oder WriteProcessMemory-Anforderung wurde abgeschlossen. (0x12B)
[1021/203251.735:WARNING:pe_image_reader.cc(340)] could not read dos header from C:\Windows\SYSTEM32\UIAutomationCore.DLL
[1021/203251.735:ERROR:process_memory_win.cc(73)] ReadMemory at 0x7ff8120b0000 of 64 bytes failed: Nur ein Teil der ReadProcessMemory- oder WriteProcessMemory-Anforderung wurde abgeschlossen. (0x12B)
[1021/203251.735:WARNING:pe_image_reader.cc(340)] could not read dos header from C:\Windows\SYSTEM32\Secur32.dll
[1021/203251.735:ERROR:process_memory_win.cc(73)] ReadMemory at 0x7ff828420000 of 64 bytes failed: Nur ein Teil der ReadProcessMemory- oder WriteProcessMemory-Anforderung wurde abgeschlossen. (0x12B)
[1021/203251.735:WARNING:pe_image_reader.cc(340)] could not read dos header from C:\Windows\SYSTEM32\USERENV.dll
[1021/203251.735:ERROR:process_memory_win.cc(73)] ReadMemory at 0x7ff828510000 of 64 bytes failed: Nur ein Teil der ReadProcessMemory- oder WriteProcessMemory-Anforderung wurde abgeschlossen. (0x12B)
[1021/203251.735:WARNING:pe_image_reader.cc(340)] could not read dos header from C:\Windows\System32\profapi.dll
[1021/203251.735:ERROR:process_memory_win.cc(73)] ReadMemory at 0x7ff80eba0000 of 64 bytes failed: Nur ein Teil der ReadProcessMemory- oder WriteProcessMemory-Anforderung wurde abgeschlossen. (0x12B)
[1021/203251.735:WARNING:pe_image_reader.cc(340)] could not read dos header from C:\Windows\SYSTEM32\DWrite.dll
[1021/203251.735:ERROR:process_memory_win.cc(73)] ReadMemory at 0x7ff81c340000 of 64 bytes failed: Nur ein Teil der ReadProcessMemory- oder WriteProcessMemory-Anforderung wurde abgeschlossen. (0x12B)
[1021/203251.735:WARNING:pe_image_reader.cc(340)] could not read dos header from C:\Windows\SYSTEM32\WINSPOOL.DRV
[1021/203251.736:ERROR:process_memory_win.cc(73)] ReadMemory at 0x7ff828590000 of 64 bytes failed: Nur ein Teil der ReadProcessMemory- oder WriteProcessMemory-Anforderung wurde abgeschlossen. (0x12B)
[1021/203251.736:WARNING:pe_image_reader.cc(340)] could not read dos header from C:\Windows\System32\kernel.appcore.dll
[1021/203251.736:ERROR:process_memory_win.cc(73)] ReadMemory at 0x7ff8295f0000 of 64 bytes failed: Nur ein Teil der ReadProcessMemory- oder WriteProcessMemory-Anforderung wurde abgeschlossen. (0x12B)
[1021/203251.736:WARNING:pe_image_reader.cc(340)] could not read dos header from C:\Windows\System32\bcrypt.dll
[1021/203251.736:ERROR:process_memory_win.cc(73)] ReadMemory at 0x7ff8235d0000 of 64 bytes failed: Nur ein Teil der ReadProcessMemory- oder WriteProcessMemory-Anforderung wurde abgeschlossen. (0x12B)
[1021/203251.736:WARNING:pe_image_reader.cc(340)] could not read dos header from C:\Windows\SYSTEM32\WINHTTP.dll
[1021/203251.736:ERROR:process_memory_win.cc(73)] ReadMemory at 0x7ff8205c0000 of 64 bytes failed: Nur ein Teil der ReadProcessMemory- oder WriteProcessMemory-Anforderung wurde abgeschlossen. (0x12B)
[1021/203251.736:WARNING:pe_image_reader.cc(340)] could not read dos header from C:\Windows\SYSTEM32\dhcpcsvc.DLL
[1021/203251.736:ERROR:process_memory_win.cc(73)] ReadMemory at 0x7ff82b0c0000 of 64 bytes failed: Nur ein Teil der ReadProcessMemory- oder WriteProcessMemory-Anforderung wurde abgeschlossen. (0x12B)
[1021/203251.736:WARNING:pe_image_reader.cc(340)] could not read dos header from C:\Windows\System32\NSI.dll
[1021/203251.736:ERROR:process_memory_win.cc(73)] ReadMemory at 0x7ff825fc0000 of 64 bytes failed: Nur ein Teil der ReadProcessMemory- oder WriteProcessMemory-Anforderung wurde abgeschlossen. (0x12B)
[1021/203251.736:WARNING:pe_image_reader.cc(340)] could not read dos header from C:\Windows\SYSTEM32\WINMMBASE.dll
[1021/203251.736:ERROR:process_memory_win.cc(73)] ReadMemory at 0x7ff828b80000 of 64 bytes failed: Nur ein Teil der ReadProcessMemory- oder WriteProcessMemory-Anforderung wurde abgeschlossen. (0x12B)
[1021/203251.736:WARNING:pe_image_reader.cc(340)] could not read dos header from C:\Windows\System32\cfgmgr32.dll
[1021/203251.736:ERROR:process_memory_win.cc(73)] ReadMemory at 0x7ff824e90000 of 64 bytes failed: Nur ein Teil der ReadProcessMemory- oder WriteProcessMemory-Anforderung wurde abgeschlossen. (0x12B)
[1021/203251.736:WARNING:pe_image_reader.cc(340)] could not read dos header from C:\Windows\SYSTEM32\PROPSYS.dll
[1021/203251.736:ERROR:process_memory_win.cc(73)] ReadMemory at 0x17599340000 of 64 bytes failed: Nur ein Teil der ReadProcessMemory- oder WriteProcessMemory-Anforderung wurde abgeschlossen. (0x12B)
[1021/203251.736:WARNING:pe_image_reader.cc(340)] could not read dos header from C:\Windows\System32\shcore.dll
[1021/203251.736:ERROR:process_memory_win.cc(73)] ReadMemory at 0x7ff8283e0000 of 64 bytes failed: Nur ein Teil der ReadProcessMemory- oder WriteProcessMemory-Anforderung wurde abgeschlossen. (0x12B)
[1021/203251.736:WARNING:pe_image_reader.cc(340)] could not read dos header from C:\Windows\SYSTEM32\SSPICLI.DLL
[1021/203251.736:ERROR:process_memory_win.cc(73)] ReadMemory at 0x7ff827f20000 of 64 bytes failed: Nur ein Teil der ReadProcessMemory- oder WriteProcessMemory-Anforderung wurde abgeschlossen. (0x12B)
[1021/203251.736:WARNING:pe_image_reader.cc(340)] could not read dos header from C:\Windows\SYSTEM32\CRYPTBASE.DLL
[1021/203251.743:ERROR:process_memory_win.cc(73)] ReadMemory at 0x7ff600700000 of 64 bytes failed: Nur ein Teil der ReadProcessMemory- oder WriteProcessMemory-Anforderung wurde abgeschlossen. (0x12B)
[1021/203251.743:WARNING:pe_image_reader.cc(340)] could not read dos header from C:\Program Files (x86)\Google\Chrome\Application\chrome.exe
[1021/203251.743:ERROR:process_memory_win.cc(73)] ReadMemory at 0x7ff82b640000 of 64 bytes failed: Nur ein Teil der ReadProcessMemory- oder WriteProcessMemory-Anforderung wurde abgeschlossen. (0x12B)
[1021/203251.743:WARNING:pe_image_reader.cc(340)] could not read dos header from C:\Windows\SYSTEM32\ntdll.dll
[1021/203251.743:ERROR:process_memory_win.cc(73)] ReadMemory at 0x7ff82a220000 of 64 bytes failed: Nur ein Teil der ReadProcessMemory- oder WriteProcessMemory-Anforderung wurde abgeschlossen. (0x12B)
[1021/203251.743:WARNING:pe_image_reader.cc(340)] could not read dos header from C:\Windows\System32\KERNEL32.DLL
[1021/203251.743:ERROR:process_memory_win.cc(73)] ReadMemory at 0x7ff828700000 of 64 bytes failed: Nur ein Teil der ReadProcessMemory- oder WriteProcessMemory-Anforderung wurde abgeschlossen. (0x12B)
[1021/203251.743:WARNING:pe_image_reader.cc(340)] could not read dos header from C:\Windows\System32\KERNELBASE.dll
[1021/203251.743:ERROR:process_memory_win.cc(73)] ReadMemory at 0x7fffef730000 of 64 bytes failed: Nur ein Teil der ReadProcessMemory- oder WriteProcessMemory-Anforderung wurde abgeschlossen. (0x12B)
[1021/203251.743:WARNING:pe_image_reader.cc(340)] could not read dos header from C:\Program Files (x86)\Google\Chrome\Application\86.0.4240.75\chrome_elf.dll
[1021/203251.743:ERROR:process_memory_win.cc(73)] ReadMemory at 0x7ff821510000 of 64 bytes failed: Nur ein Teil der ReadProcessMemory- oder WriteProcessMemory-Anforderung wurde abgeschlossen. (0x12B)
[1021/203251.743:WARNING:pe_image_reader.cc(340)] could not read dos header from C:\Windows\SYSTEM32\VERSION.dll
[1021/203251.743:ERROR:process_memory_win.cc(73)] ReadMemory at 0x7ff82b250000 of 64 bytes failed: Nur ein Teil der ReadProcessMemory- oder WriteProcessMemory-Anforderung wurde abgeschlossen. (0x12B)
[1021/203251.743:WARNING:pe_image_reader.cc(340)] could not read dos header from C:\Windows\System32\msvcrt.dll
[1021/203251.744:ERROR:process_memory_win.cc(73)] ReadMemory at 0x7ff828b00000 of 64 bytes failed: Nur ein Teil der ReadProcessMemory- oder WriteProcessMemory-Anforderung wurde abgeschlossen. (0x12B)
[1021/203251.744:WARNING:pe_image_reader.cc(340)] could not read dos header from C:\Windows\System32\bcryptPrimitives.dll
[1021/203251.744:ERROR:process_memory_win.cc(73)] ReadMemory at 0x7ff82a830000 of 64 bytes failed: Nur ein Teil der ReadProcessMemory- oder WriteProcessMemory-Anforderung wurde abgeschlossen. (0x12B)
[1021/203251.744:WARNING:pe_image_reader.cc(340)] could not read dos header from C:\Windows\System32\ADVAPI32.dll
[1021/203251.744:ERROR:process_memory_win.cc(73)] ReadMemory at 0x7ff82b560000 of 64 bytes failed: Nur ein Teil der ReadProcessMemory- oder WriteProcessMemory-Anforderung wurde abgeschlossen. (0x12B)
[1021/203251.744:WARNING:pe_image_reader.cc(340)] could not read dos header from C:\Windows\System32\sechost.dll
[1021/203251.744:ERROR:process_memory_win.cc(73)] ReadMemory at 0x7ff82a080000 of 64 bytes failed: Nur ein Teil der ReadProcessMemory- oder WriteProcessMemory-Anforderung wurde abgeschlossen. (0x12B)
[1021/203251.744:WARNING:pe_image_reader.cc(340)] could not read dos header from C:\Windows\System32\RPCRT4.dll
[1021/203251.744:ERROR:process_memory_win.cc(73)] ReadMemory at 0x7fffb3ca0000 of 64 bytes failed: Nur ein Teil der ReadProcessMemory- oder WriteProcessMemory-Anforderung wurde abgeschlossen. (0x12B)
[1021/203251.744:WARNING:pe_image_reader.cc(340)] could not read dos header from C:\Program Files (x86)\Google\Chrome\Application\86.0.4240.75\chrome.dll
[1021/203251.744:ERROR:process_memory_win.cc(73)] ReadMemory at 0x7ff829f60000 of 64 bytes failed: Nur ein Teil der ReadProcessMemory- oder WriteProcessMemory-Anforderung wurde abgeschlossen. (0x12B)
[1021/203251.744:WARNING:pe_image_reader.cc(340)] could not read dos header from C:\Windows\System32\WS2_32.dll
[1021/203251.744:ERROR:process_memory_win.cc(73)] ReadMemory at 0x7ff82b0d0000 of 64 bytes failed: Nur ein Teil der ReadProcessMemory- oder WriteProcessMemory-Anforderung wurde abgeschlossen. (0x12B)
[1021/203251.744:WARNING:pe_image_reader.cc(340)] could not read dos header from C:\Windows\System32\OLEAUT32.dll
[1021/203251.744:ERROR:process_memory_win.cc(73)] ReadMemory at 0x7ff828c30000 of 64 bytes failed: Nur ein Teil der ReadProcessMemory- oder WriteProcessMemory-Anforderung wurde abgeschlossen. (0x12B)
[1021/203251.744:WARNING:pe_image_reader.cc(340)] could not read dos header from C:\Windows\System32\msvcp_win.dll
[1021/203251.744:ERROR:process_memory_win.cc(73)] ReadMemory at 0x7ff828600000 of 64 bytes failed: Nur ein Teil der ReadProcessMemory- oder WriteProcessMemory-Anforderung wurde abgeschlossen. (0x12B)
[1021/203251.745:WARNING:pe_image_reader.cc(340)] could not read dos header from C:\Windows\System32\ucrtbase.dll
[1021/203251.745:ERROR:process_memory_win.cc(73)] ReadMemory at 0x7ff829c00000 of 64 bytes failed: Nur ein Teil der ReadProcessMemory- oder WriteProcessMemory-Anforderung wurde abgeschlossen. (0x12B)
[1021/203251.745:WARNING:pe_image_reader.cc(340)] could not read dos header from C:\Windows\System32\combase.dll
[1021/203251.745:ERROR:process_memory_win.cc(73)] ReadMemory at 0x7ff828bd0000 of 64 bytes failed: Nur ein Teil der ReadProcessMemory- oder WriteProcessMemory-Anforderung wurde abgeschlossen. (0x12B)
[1021/203251.745:WARNING:pe_image_reader.cc(340)] could not read dos header from C:\Windows\System32\WINTRUST.dll
[1021/203251.745:ERROR:process_memory_win.cc(73)] ReadMemory at 0x7ff8285b0000 of 64 bytes failed: Nur ein Teil der ReadProcessMemory- oder WriteProcessMemory-Anforderung wurde abgeschlossen. (0x12B)
[1021/203251.745:WARNING:pe_image_reader.cc(340)] could not read dos header from C:\Windows\System32\MSASN1.dll
[1021/203251.745:ERROR:process_memory_win.cc(73)] ReadMemory at 0x7ff8289b0000 of 64 bytes failed: Nur ein Teil der ReadProcessMemory- oder WriteProcessMemory-Anforderung wurde abgeschlossen. (0x12B)
[1021/203251.745:WARNING:pe_image_reader.cc(340)] could not read dos header from C:\Windows\System32\CRYPT32.dll
[1021/203251.745:ERROR:process_memory_win.cc(73)] ReadMemory at 0x7ff811e80000 of 64 bytes failed: Nur ein Teil der ReadProcessMemory- oder WriteProcessMemory-Anforderung wurde abgeschlossen. (0x12B)
[1021/203251.745:WARNING:pe_image_reader.cc(340)] could not read dos header from C:\Windows\SYSTEM32\dbghelp.dll
[1021/203251.745:ERROR:process_memory_win.cc(73)] ReadMemory at 0x7ff827a60000 of 64 bytes failed: Nur ein Teil der ReadProcessMemory- oder WriteProcessMemory-Anforderung wurde abgeschlossen. (0x12B)
[1021/203251.745:WARNING:pe_image_reader.cc(340)] could not read dos header from C:\Windows\SYSTEM32\IPHLPAPI.DLL
[1021/203251.745:ERROR:process_memory_win.cc(73)] ReadMemory at 0x7ff8260d0000 of 64 bytes failed: Nur ein Teil der ReadProcessMemory- oder WriteProcessMemory-Anforderung wurde abgeschlossen. (0x12B)
[1021/203251.745:WARNING:pe_image_reader.cc(340)] could not read dos header from C:\Windows\SYSTEM32\WINMM.dll
[1021/203251.745:ERROR:process_memory_win.cc(73)] ReadMemory at 0x7ff807190000 of 64 bytes failed: Nur ein Teil der ReadProcessMemory- oder WriteProcessMemory-Anforderung wurde abgeschlossen. (0x12B)
[1021/203251.745:WARNING:pe_image_reader.cc(340)] could not read dos header from C:\Windows\SYSTEM32\UIAutomationCore.DLL
[1021/203251.745:ERROR:process_memory_win.cc(73)] ReadMemory at 0x7ff8120b0000 of 64 bytes failed: Nur ein Teil der ReadProcessMemory- oder WriteProcessMemory-Anforderung wurde abgeschlossen. (0x12B)
[1021/203251.745:WARNING:pe_image_reader.cc(340)] could not read dos header from C:\Windows\SYSTEM32\Secur32.dll
[1021/203251.745:ERROR:process_memory_win.cc(73)] ReadMemory at 0x7ff828420000 of 64 bytes failed: Nur ein Teil der ReadProcessMemory- oder WriteProcessMemory-Anforderung wurde abgeschlossen. (0x12B)
[1021/203251.745:WARNING:pe_image_reader.cc(340)] could not read dos header from C:\Windows\SYSTEM32\USERENV.dll
[1021/203251.746:ERROR:process_memory_win.cc(73)] ReadMemory at 0x7ff828510000 of 64 bytes failed: Nur ein Teil der ReadProcessMemory- oder WriteProcessMemory-Anforderung wurde abgeschlossen. (0x12B)
[1021/203251.746:WARNING:pe_image_reader.cc(340)] could not read dos header from C:\Windows\System32\profapi.dll
[1021/203251.746:ERROR:process_memory_win.cc(73)] ReadMemory at 0x7ff80eba0000 of 64 bytes failed: Nur ein Teil der ReadProcessMemory- oder WriteProcessMemory-Anforderung wurde abgeschlossen. (0x12B)
[1021/203251.746:WARNING:pe_image_reader.cc(340)] could not read dos header from C:\Windows\SYSTEM32\DWrite.dll
[1021/203251.746:ERROR:process_memory_win.cc(73)] ReadMemory at 0x7ff81c340000 of 64 bytes failed: Nur ein Teil der ReadProcessMemory- oder WriteProcessMemory-Anforderung wurde abgeschlossen. (0x12B)
[1021/203251.746:WARNING:pe_image_reader.cc(340)] could not read dos header from C:\Windows\SYSTEM32\WINSPOOL.DRV
[1021/203251.746:ERROR:process_memory_win.cc(73)] ReadMemory at 0x7ff828590000 of 64 bytes failed: Nur ein Teil der ReadProcessMemory- oder WriteProcessMemory-Anforderung wurde abgeschlossen. (0x12B)
[1021/203251.746:WARNING:pe_image_reader.cc(340)] could not read dos header from C:\Windows\System32\kernel.appcore.dll
[1021/203251.746:ERROR:process_memory_win.cc(73)] ReadMemory at 0x7ff8295f0000 of 64 bytes failed: Nur ein Teil der ReadProcessMemory- oder WriteProcessMemory-Anforderung wurde abgeschlossen. (0x12B)
[1021/203251.746:WARNING:pe_image_reader.cc(340)] could not read dos header from C:\Windows\System32\bcrypt.dll
[1021/203251.746:ERROR:process_memory_win.cc(73)] ReadMemory at 0x7ff8235d0000 of 64 bytes failed: Nur ein Teil der ReadProcessMemory- oder WriteProcessMemory-Anforderung wurde abgeschlossen. (0x12B)
[1021/203251.746:WARNING:pe_image_reader.cc(340)] could not read dos header from C:\Windows\SYSTEM32\WINHTTP.dll
[1021/203251.746:ERROR:process_memory_win.cc(73)] ReadMemory at 0x7ff8205c0000 of 64 bytes failed: Nur ein Teil der ReadProcessMemory- oder WriteProcessMemory-Anforderung wurde abgeschlossen. (0x12B)
[1021/203251.746:WARNING:pe_image_reader.cc(340)] could not read dos header from C:\Windows\SYSTEM32\dhcpcsvc.DLL
[1021/203251.746:ERROR:process_memory_win.cc(73)] ReadMemory at 0x7ff82b0c0000 of 64 bytes failed: Nur ein Teil der ReadProcessMemory- oder WriteProcessMemory-Anforderung wurde abgeschlossen. (0x12B)
[1021/203251.746:WARNING:pe_image_reader.cc(340)] could not read dos header from C:\Windows\System32\NSI.dll
[1021/203251.746:ERROR:process_memory_win.cc(73)] ReadMemory at 0x7ff825fc0000 of 64 bytes failed: Nur ein Teil der ReadProcessMemory- oder WriteProcessMemory-Anforderung wurde abgeschlossen. (0x12B)
[1021/203251.746:WARNING:pe_image_reader.cc(340)] could not read dos header from C:\Windows\SYSTEM32\WINMMBASE.dll
[1021/203251.747:ERROR:process_memory_win.cc(73)] ReadMemory at 0x7ff828b80000 of 64 bytes failed: Nur ein Teil der ReadProcessMemory- oder WriteProcessMemory-Anforderung wurde abgeschlossen. (0x12B)
[1021/203251.747:WARNING:pe_image_reader.cc(340)] could not read dos header from C:\Windows\System32\cfgmgr32.dll
[1021/203251.747:ERROR:process_memory_win.cc(73)] ReadMemory at 0x7ff824e90000 of 64 bytes failed: Nur ein Teil der ReadProcessMemory- oder WriteProcessMemory-Anforderung wurde abgeschlossen. (0x12B)
[1021/203251.747:WARNING:pe_image_reader.cc(340)] could not read dos header from C:\Windows\SYSTEM32\PROPSYS.dll
[1021/203251.747:ERROR:process_memory_win.cc(73)] ReadMemory at 0x17599340000 of 64 bytes failed: Nur ein Teil der ReadProcessMemory- oder WriteProcessMemory-Anforderung wurde abgeschlossen. (0x12B)
[1021/203251.747:WARNING:pe_image_reader.cc(340)] could not read dos header from C:\Windows\System32\shcore.dll
[1021/203251.747:ERROR:process_memory_win.cc(73)] ReadMemory at 0x7ff8283e0000 of 64 bytes failed: Nur ein Teil der ReadProcessMemory- oder WriteProcessMemory-Anforderung wurde abgeschlossen. (0x12B)
[1021/203251.747:WARNING:pe_image_reader.cc(340)] could not read dos header from C:\Windows\SYSTEM32\SSPICLI.DLL
[1021/203251.747:ERROR:process_memory_win.cc(73)] ReadMemory at 0x7ff827f20000 of 64 bytes failed: Nur ein Teil der ReadProcessMemory- oder WriteProcessMemory-Anforderung wurde abgeschlossen. (0x12B)
[1021/203251.747:WARNING:pe_image_reader.cc(340)] could not read dos header from C:\Windows\SYSTEM32\CRYPTBASE.DLL
[1021/203251.747:ERROR:process_memory_win.cc(73)] ReadMemory at 0x7ff600700000 of 64 bytes failed: Nur ein Teil der ReadProcessMemory- oder WriteProcessMemory-Anforderung wurde abgeschlossen. (0x12B)
[1021/203251.747:WARNING:pe_image_reader.cc(340)] could not read dos header from C:\Program Files (x86)\Google\Chrome\Application\chrome.exe
[1021/203251.747:ERROR:process_memory_win.cc(73)] ReadMemory at 0x7ff82b640000 of 64 bytes failed: Nur ein Teil der ReadProcessMemory- oder WriteProcessMemory-Anforderung wurde abgeschlossen. (0x12B)
[1021/203251.747:WARNING:pe_image_reader.cc(340)] could not read dos header from C:\Windows\SYSTEM32\ntdll.dll
[1021/203251.747:ERROR:process_memory_win.cc(73)] ReadMemory at 0x7ff82a220000 of 64 bytes failed: Nur ein Teil der ReadProcessMemory- oder WriteProcessMemory-Anforderung wurde abgeschlossen. (0x12B)
[1021/203251.747:WARNING:pe_image_reader.cc(340)] could not read dos header from C:\Windows\System32\KERNEL32.DLL
[1021/203251.747:ERROR:process_memory_win.cc(73)] ReadMemory at 0x7ff828700000 of 64 bytes failed: Nur ein Teil der ReadProcessMemory- oder WriteProcessMemory-Anforderung wurde abgeschlossen. (0x12B)
[1021/203251.747:WARNING:pe_image_reader.cc(340)] could not read dos header from C:\Windows\System32\KERNELBASE.dll
[1021/203251.748:ERROR:process_memory_win.cc(73)] ReadMemory at 0x7fffef730000 of 64 bytes failed: Nur ein Teil der ReadProcessMemory- oder WriteProcessMemory-Anforderung wurde abgeschlossen. (0x12B)
[1021/203251.748:WARNING:pe_image_reader.cc(340)] could not read dos header from C:\Program Files (x86)\Google\Chrome\Application\86.0.4240.75\chrome_elf.dll
[1021/203251.748:ERROR:process_memory_win.cc(73)] ReadMemory at 0x7ff821510000 of 64 bytes failed: Nur ein Teil der ReadProcessMemory- oder WriteProcessMemory-Anforderung wurde abgeschlossen. (0x12B)
[1021/203251.748:WARNING:pe_image_reader.cc(340)] could not read dos header from C:\Windows\SYSTEM32\VERSION.dll
[1021/203251.748:ERROR:process_memory_win.cc(73)] ReadMemory at 0x7ff82b250000 of 64 bytes failed: Nur ein Teil der ReadProcessMemory- oder WriteProcessMemory-Anforderung wurde abgeschlossen. (0x12B)
[1021/203251.748:WARNING:pe_image_reader.cc(340)] could not read dos header from C:\Windows\System32\msvcrt.dll
[1021/203251.748:ERROR:process_memory_win.cc(73)] ReadMemory at 0x7ff828b00000 of 64 bytes failed: Nur ein Teil der ReadProcessMemory- oder WriteProcessMemory-Anforderung wurde abgeschlossen. (0x12B)
[1021/203251.748:WARNING:pe_image_reader.cc(340)] could not read dos header from C:\Windows\System32\bcryptPrimitives.dll
[1021/203251.748:ERROR:process_memory_win.cc(73)] ReadMemory at 0x7ff82a830000 of 64 bytes failed: Nur ein Teil der ReadProcessMemory- oder WriteProcessMemory-Anforderung wurde abgeschlossen. (0x12B)
[1021/203251.748:WARNING:pe_image_reader.cc(340)] could not read dos header from C:\Windows\System32\ADVAPI32.dll
[1021/203251.748:ERROR:process_memory_win.cc(73)] ReadMemory at 0x7ff82b560000 of 64 bytes failed: Nur ein Teil der ReadProcessMemory- oder WriteProcessMemory-Anforderung wurde abgeschlossen. (0x12B)
[1021/203251.748:WARNING:pe_image_reader.cc(340)] could not read dos header from C:\Windows\System32\sechost.dll
[1021/203251.748:ERROR:process_memory_win.cc(73)] ReadMemory at 0x7ff82a080000 of 64 bytes failed: Nur ein Teil der ReadProcessMemory- oder WriteProcessMemory-Anforderung wurde abgeschlossen. (0x12B)
[1021/203251.748:WARNING:pe_image_reader.cc(340)] could not read dos header from C:\Windows\System32\RPCRT4.dll
[1021/203251.748:ERROR:process_memory_win.cc(73)] ReadMemory at 0x7fffb3ca0000 of 64 bytes failed: Nur ein Teil der ReadProcessMemory- oder WriteProcessMemory-Anforderung wurde abgeschlossen. (0x12B)
[1021/203251.748:WARNING:pe_image_reader.cc(340)] could not read dos header from C:\Program Files (x86)\Google\Chrome\Application\86.0.4240.75\chrome.dll
[1021/203251.748:ERROR:process_memory_win.cc(73)] ReadMemory at 0x7ff829f60000 of 64 bytes failed: Nur ein Teil der ReadProcessMemory- oder WriteProcessMemory-Anforderung wurde abgeschlossen. (0x12B)
[1021/203251.748:WARNING:pe_image_reader.cc(340)] could not read dos header from C:\Windows\System32\WS2_32.dll
[1021/203251.749:ERROR:process_memory_win.cc(73)] ReadMemory at 0x7ff82b0d0000 of 64 bytes failed: Nur ein Teil der ReadProcessMemory- oder WriteProcessMemory-Anforderung wurde abgeschlossen. (0x12B)
[1021/203251.749:WARNING:pe_image_reader.cc(340)] could not read dos header from C:\Windows\System32\OLEAUT32.dll
[1021/203251.749:ERROR:process_memory_win.cc(73)] ReadMemory at 0x7ff828c30000 of 64 bytes failed: Nur ein Teil der ReadProcessMemory- oder WriteProcessMemory-Anforderung wurde abgeschlossen. (0x12B)
[1021/203251.749:WARNING:pe_image_reader.cc(340)] could not read dos header from C:\Windows\System32\msvcp_win.dll
[1021/203251.749:ERROR:process_memory_win.cc(73)] ReadMemory at 0x7ff828600000 of 64 bytes failed: Nur ein Teil der ReadProcessMemory- oder WriteProcessMemory-Anforderung wurde abgeschlossen. (0x12B)
[1021/203251.749:WARNING:pe_image_reader.cc(340)] could not read dos header from C:\Windows\System32\ucrtbase.dll
[1021/203251.749:ERROR:process_memory_win.cc(73)] ReadMemory at 0x7ff829c00000 of 64 bytes failed: Nur ein Teil der ReadProcessMemory- oder WriteProcessMemory-Anforderung wurde abgeschlossen. (0x12B)
[1021/203251.749:WARNING:pe_image_reader.cc(340)] could not read dos header from C:\Windows\System32\combase.dll
[1021/203251.749:ERROR:process_memory_win.cc(73)] ReadMemory at 0x7ff828bd0000 of 64 bytes failed: Nur ein Teil der ReadProcessMemory- oder WriteProcessMemory-Anforderung wurde abgeschlossen. (0x12B)
[1021/203251.749:WARNING:pe_image_reader.cc(340)] could not read dos header from C:\Windows\System32\WINTRUST.dll
[1021/203251.749:ERROR:process_memory_win.cc(73)] ReadMemory at 0x7ff8285b0000 of 64 bytes failed: Nur ein Teil der ReadProcessMemory- oder WriteProcessMemory-Anforderung wurde abgeschlossen. (0x12B)
[1021/203251.749:WARNING:pe_image_reader.cc(340)] could not read dos header from C:\Windows\System32\MSASN1.dll
[1021/203251.749:ERROR:process_memory_win.cc(73)] ReadMemory at 0x7ff8289b0000 of 64 bytes failed: Nur ein Teil der ReadProcessMemory- oder WriteProcessMemory-Anforderung wurde abgeschlossen. (0x12B)
[1021/203251.749:WARNING:pe_image_reader.cc(340)] could not read dos header from C:\Windows\System32\CRYPT32.dll
[1021/203251.749:ERROR:process_memory_win.cc(73)] ReadMemory at 0x7ff811e80000 of 64 bytes failed: Nur ein Teil der ReadProcessMemory- oder WriteProcessMemory-Anforderung wurde abgeschlossen. (0x12B)
[1021/203251.749:WARNING:pe_image_reader.cc(340)] could not read dos header from C:\Windows\SYSTEM32\dbghelp.dll
[1021/203251.749:ERROR:process_memory_win.cc(73)] ReadMemory at 0x7ff827a60000 of 64 bytes failed: Nur ein Teil der ReadProcessMemory- oder WriteProcessMemory-Anforderung wurde abgeschlossen. (0x12B)
[1021/203251.749:WARNING:pe_image_reader.cc(340)] could not read dos header from C:\Windows\SYSTEM32\IPHLPAPI.DLL
[1021/203251.750:ERROR:process_memory_win.cc(73)] ReadMemory at 0x7ff8260d0000 of 64 bytes failed: Nur ein Teil der ReadProcessMemory- oder WriteProcessMemory-Anforderung wurde abgeschlossen. (0x12B)
[1021/203251.750:WARNING:pe_image_reader.cc(340)] could not read dos header from C:\Windows\SYSTEM32\WINMM.dll
[1021/203251.750:ERROR:process_memory_win.cc(73)] ReadMemory at 0x7ff807190000 of 64 bytes failed: Nur ein Teil der ReadProcessMemory- oder WriteProcessMemory-Anforderung wurde abgeschlossen. (0x12B)
[1021/203251.750:WARNING:pe_image_reader.cc(340)] could not read dos header from C:\Windows\SYSTEM32\UIAutomationCore.DLL
[1021/203251.750:ERROR:process_memory_win.cc(73)] ReadMemory at 0x7ff8120b0000 of 64 bytes failed: Nur ein Teil der ReadProcessMemory- oder WriteProcessMemory-Anforderung wurde abgeschlossen. (0x12B)
[1021/203251.750:WARNING:pe_image_reader.cc(340)] could not read dos header from C:\Windows\SYSTEM32\Secur32.dll
[1021/203251.750:ERROR:process_memory_win.cc(73)] ReadMemory at 0x7ff828420000 of 64 bytes failed: Nur ein Teil der ReadProcessMemory- oder WriteProcessMemory-Anforderung wurde abgeschlossen. (0x12B)
[1021/203251.750:WARNING:pe_image_reader.cc(340)] could not read dos header from C:\Windows\SYSTEM32\USERENV.dll
[1021/203251.750:ERROR:process_memory_win.cc(73)] ReadMemory at 0x7ff828510000 of 64 bytes failed: Nur ein Teil der ReadProcessMemory- oder WriteProcessMemory-Anforderung wurde abgeschlossen. (0x12B)
[1021/203251.750:WARNING:pe_image_reader.cc(340)] could not read dos header from C:\Windows\System32\profapi.dll
[1021/203251.750:ERROR:process_memory_win.cc(73)] ReadMemory at 0x7ff80eba0000 of 64 bytes failed: Nur ein Teil der ReadProcessMemory- oder WriteProcessMemory-Anforderung wurde abgeschlossen. (0x12B)
[1021/203251.750:WARNING:pe_image_reader.cc(340)] could not read dos header from C:\Windows\SYSTEM32\DWrite.dll
[1021/203251.750:ERROR:process_memory_win.cc(73)] ReadMemory at 0x7ff81c340000 of 64 bytes failed: Nur ein Teil der ReadProcessMemory- oder WriteProcessMemory-Anforderung wurde abgeschlossen. (0x12B)
[1021/203251.750:WARNING:pe_image_reader.cc(340)] could not read dos header from C:\Windows\SYSTEM32\WINSPOOL.DRV
[1021/203251.750:ERROR:process_memory_win.cc(73)] ReadMemory at 0x7ff828590000 of 64 bytes failed: Nur ein Teil der ReadProcessMemory- oder WriteProcessMemory-Anforderung wurde abgeschlossen. (0x12B)
[1021/203251.750:WARNING:pe_image_reader.cc(340)] could not read dos header from C:\Windows\System32\kernel.appcore.dll
[1021/203251.750:ERROR:process_memory_win.cc(73)] ReadMemory at 0x7ff8295f0000 of 64 bytes failed: Nur ein Teil der ReadProcessMemory- oder WriteProcessMemory-Anforderung wurde abgeschlossen. (0x12B)
[1021/203251.751:WARNING:pe_image_reader.cc(340)] could not read dos header from C:\Windows\System32\bcrypt.dll
[1021/203251.751:ERROR:process_memory_win.cc(73)] ReadMemory at 0x7ff8235d0000 of 64 bytes failed: Nur ein Teil der ReadProcessMemory- oder WriteProcessMemory-Anforderung wurde abgeschlossen. (0x12B)
[1021/203251.751:WARNING:pe_image_reader.cc(340)] could not read dos header from C:\Windows\SYSTEM32\WINHTTP.dll
[1021/203251.751:ERROR:process_memory_win.cc(73)] ReadMemory at 0x7ff8205c0000 of 64 bytes failed: Nur ein Teil der ReadProcessMemory- oder WriteProcessMemory-Anforderung wurde abgeschlossen. (0x12B)
[1021/203251.751:WARNING:pe_image_reader.cc(340)] could not read dos header from C:\Windows\SYSTEM32\dhcpcsvc.DLL
[1021/203251.751:ERROR:process_memory_win.cc(73)] ReadMemory at 0x7ff82b0c0000 of 64 bytes failed: Nur ein Teil der ReadProcessMemory- oder WriteProcessMemory-Anforderung wurde abgeschlossen. (0x12B)
[1021/203251.751:WARNING:pe_image_reader.cc(340)] could not read dos header from C:\Windows\System32\NSI.dll
[1021/203251.751:ERROR:process_memory_win.cc(73)] ReadMemory at 0x7ff825fc0000 of 64 bytes failed: Nur ein Teil der ReadProcessMemory- oder WriteProcessMemory-Anforderung wurde abgeschlossen. (0x12B)
[1021/203251.751:WARNING:pe_image_reader.cc(340)] could not read dos header from C:\Windows\SYSTEM32\WINMMBASE.dll
[1021/203251.751:ERROR:process_memory_win.cc(73)] ReadMemory at 0x7ff828b80000 of 64 bytes failed: Nur ein Teil der ReadProcessMemory- oder WriteProcessMemory-Anforderung wurde abgeschlossen. (0x12B)
[1021/203251.751:WARNING:pe_image_reader.cc(340)] could not read dos header from C:\Windows\System32\cfgmgr32.dll
[1021/203251.751:ERROR:process_memory_win.cc(73)] ReadMemory at 0x7ff824e90000 of 64 bytes failed: Nur ein Teil der ReadProcessMemory- oder WriteProcessMemory-Anforderung wurde abgeschlossen. (0x12B)
[1021/203251.751:WARNING:pe_image_reader.cc(340)] could not read dos header from C:\Windows\SYSTEM32\PROPSYS.dll
[1021/203251.751:ERROR:process_memory_win.cc(73)] ReadMemory at 0x17599340000 of 64 bytes failed: Nur ein Teil der ReadProcessMemory- oder WriteProcessMemory-Anforderung wurde abgeschlossen. (0x12B)
[1021/203251.751:WARNING:pe_image_reader.cc(340)] could not read dos header from C:\Windows\System32\shcore.dll
[1021/203251.751:ERROR:process_memory_win.cc(73)] ReadMemory at 0x7ff8283e0000 of 64 bytes failed: Nur ein Teil der ReadProcessMemory- oder WriteProcessMemory-Anforderung wurde abgeschlossen. (0x12B)
[1021/203251.751:WARNING:pe_image_reader.cc(340)] could not read dos header from C:\Windows\SYSTEM32\SSPICLI.DLL
[1021/203251.751:ERROR:process_memory_win.cc(73)] ReadMemory at 0x7ff827f20000 of 64 bytes failed: Nur ein Teil der ReadProcessMemory- oder WriteProcessMemory-Anforderung wurde abgeschlossen. (0x12B)
[1021/203251.751:WARNING:pe_image_reader.cc(340)] could not read dos header from C:\Windows\SYSTEM32\CRYPTBASE.DLL
[1021/203251.766:ERROR:process_memory_win.cc(73)] ReadMemory at 0x271ded000 of 77824 bytes failed: Nur ein Teil der ReadProcessMemory- oder WriteProcessMemory-Anforderung wurde abgeschlossen. (0x12B)
[1021/203251.766:ERROR:process_memory_win.cc(73)] ReadMemory at 0x2725fe000 of 8192 bytes failed: Nur ein Teil der ReadProcessMemory- oder WriteProcessMemory-Anforderung wurde abgeschlossen. (0x12B)
[1021/203251.766:ERROR:process_memory_win.cc(73)] ReadMemory at 0x272dfe000 of 8192 bytes failed: Nur ein Teil der ReadProcessMemory- oder WriteProcessMemory-Anforderung wurde abgeschlossen. (0x12B)
[1021/203251.766:ERROR:process_memory_win.cc(73)] ReadMemory at 0x2735fe000 of 8192 bytes failed: Nur ein Teil der ReadProcessMemory- oder WriteProcessMemory-Anforderung wurde abgeschlossen. (0x12B)
[1021/203251.767:ERROR:process_memory_win.cc(73)] ReadMemory at 0x273dfd000 of 12288 bytes failed: Nur ein Teil der ReadProcessMemory- oder WriteProcessMemory-Anforderung wurde abgeschlossen. (0x12B)
[1021/203251.767:ERROR:process_memory_win.cc(73)] ReadMemory at 0x2745fd000 of 12288 bytes failed: Nur ein Teil der ReadProcessMemory- oder WriteProcessMemory-Anforderung wurde abgeschlossen. (0x12B)
[1021/203251.767:ERROR:process_memory_win.cc(73)] ReadMemory at 0x274dfe000 of 8192 bytes failed: Nur ein Teil der ReadProcessMemory- oder WriteProcessMemory-Anforderung wurde abgeschlossen. (0x12B)
[1021/203251.767:ERROR:process_memory_win.cc(73)] ReadMemory at 0x2755fe000 of 8192 bytes failed: Nur ein Teil der ReadProcessMemory- oder WriteProcessMemory-Anforderung wurde abgeschlossen. (0x12B)
[1021/203251.767:ERROR:process_memory_win.cc(73)] ReadMemory at 0x275dfd000 of 12288 bytes failed: Nur ein Teil der ReadProcessMemory- oder WriteProcessMemory-Anforderung wurde abgeschlossen. (0x12B)
[1021/203251.767:ERROR:process_memory_win.cc(73)] ReadMemory at 0x2765fe000 of 8192 bytes failed: Nur ein Teil der ReadProcessMemory- oder WriteProcessMemory-Anforderung wurde abgeschlossen. (0x12B)
[1021/203251.767:ERROR:process_memory_win.cc(73)] ReadMemory at 0x276dfe000 of 8192 bytes failed: Nur ein Teil der ReadProcessMemory- oder WriteProcessMemory-Anforderung wurde abgeschlossen. (0x12B)
[1021/203251.767:ERROR:process_memory_win.cc(73)] ReadMemory at 0x2775fe000 of 8192 bytes failed: Nur ein Teil der ReadProcessMemory- oder WriteProcessMemory-Anforderung wurde abgeschlossen. (0x12B)
[1021/203251.767:ERROR:process_memory_win.cc(73)] ReadMemory at 0x277dfe000 of 8192 bytes failed: Nur ein Teil der ReadProcessMemory- oder WriteProcessMemory-Anforderung wurde abgeschlossen. (0x12B)
[1021/203251.768:ERROR:process_memory_win.cc(73)] ReadMemory at 0x2785fe000 of 8192 bytes failed: Nur ein Teil der ReadProcessMemory- oder WriteProcessMemory-Anforderung wurde abgeschlossen. (0x12B)
[1021/203251.768:ERROR:process_memory_win.cc(73)] ReadMemory at 0x278dfe000 of 8192 bytes failed: Nur ein Teil der ReadProcessMemory- oder WriteProcessMemory-Anforderung wurde abgeschlossen. (0x12B)
[1021/203251.768:ERROR:process_memory_win.cc(73)] ReadMemory at 0x2795fe000 of 8192 bytes failed: Nur ein Teil der ReadProcessMemory- oder WriteProcessMemory-Anforderung wurde abgeschlossen. (0x12B)
[1021/203251.768:ERROR:process_memory_win.cc(73)] ReadMemory at 0x271585000 of 852 bytes failed: Nur ein Teil der ReadProcessMemory- oder WriteProcessMemory-Anforderung wurde abgeschlossen. (0x12B)
[1021/203251.768:ERROR:process_memory_win.cc(73)] ReadMemory at 0x271586000 of 6024 bytes failed: Nur ein Teil der ReadProcessMemory- oder WriteProcessMemory-Anforderung wurde abgeschlossen. (0x12B)
[1021/203251.768:ERROR:process_memory_win.cc(73)] ReadMemory at 0x271588000 of 6024 bytes failed: Nur ein Teil der ReadProcessMemory- oder WriteProcessMemory-Anforderung wurde abgeschlossen. (0x12B)
[1021/203251.768:ERROR:process_memory_win.cc(73)] ReadMemory at 0x27158a000 of 6024 bytes failed: Nur ein Teil der ReadProcessMemory- oder WriteProcessMemory-Anforderung wurde abgeschlossen. (0x12B)
[1021/203251.768:ERROR:process_memory_win.cc(73)] ReadMemory at 0x27158c000 of 6024 bytes failed: Nur ein Teil der ReadProcessMemory- oder WriteProcessMemory-Anforderung wurde abgeschlossen. (0x12B)
[1021/203251.769:ERROR:process_memory_win.cc(73)] ReadMemory at 0x27158e000 of 6024 bytes failed: Nur ein Teil der ReadProcessMemory- oder WriteProcessMemory-Anforderung wurde abgeschlossen. (0x12B)
[1021/203251.769:ERROR:process_memory_win.cc(73)] ReadMemory at 0x271590000 of 6024 bytes failed: Nur ein Teil der ReadProcessMemory- oder WriteProcessMemory-Anforderung wurde abgeschlossen. (0x12B)
[1021/203251.769:ERROR:process_memory_win.cc(73)] ReadMemory at 0x271592000 of 6024 bytes failed: Nur ein Teil der ReadProcessMemory- oder WriteProcessMemory-Anforderung wurde abgeschlossen. (0x12B)
[1021/203251.769:ERROR:process_memory_win.cc(73)] ReadMemory at 0x271594000 of 6024 bytes failed: Nur ein Teil der ReadProcessMemory- oder WriteProcessMemory-Anforderung wurde abgeschlossen. (0x12B)
[1021/203251.769:ERROR:process_memory_win.cc(73)] ReadMemory at 0x271596000 of 6024 bytes failed: Nur ein Teil der ReadProcessMemory- oder WriteProcessMemory-Anforderung wurde abgeschlossen. (0x12B)
[1021/203251.769:ERROR:process_memory_win.cc(73)] ReadMemory at 0x271598000 of 6024 bytes failed: Nur ein Teil der ReadProcessMemory- oder WriteProcessMemory-Anforderung wurde abgeschlossen. (0x12B)
[1021/203251.769:ERROR:process_memory_win.cc(73)] ReadMemory at 0x27159a000 of 6024 bytes failed: Nur ein Teil der ReadProcessMemory- oder WriteProcessMemory-Anforderung wurde abgeschlossen. (0x12B)
[1021/203251.769:ERROR:process_memory_win.cc(73)] ReadMemory at 0x27159c000 of 6024 bytes failed: Nur ein Teil der ReadProcessMemory- oder WriteProcessMemory-Anforderung wurde abgeschlossen. (0x12B)
[1021/203251.769:ERROR:process_memory_win.cc(73)] ReadMemory at 0x27159e000 of 6024 bytes failed: Nur ein Teil der ReadProcessMemory- oder WriteProcessMemory-Anforderung wurde abgeschlossen. (0x12B)
[1021/203251.770:ERROR:process_memory_win.cc(73)] ReadMemory at 0x2715a0000 of 6024 bytes failed: Nur ein Teil der ReadProcessMemory- oder WriteProcessMemory-Anforderung wurde abgeschlossen. (0x12B)
[1021/203251.770:ERROR:process_memory_win.cc(73)] ReadMemory at 0x2715a2000 of 6024 bytes failed: Nur ein Teil der ReadProcessMemory- oder WriteProcessMemory-Anforderung wurde abgeschlossen. (0x12B)
[1021/203251.770:ERROR:process_memory_win.cc(73)] ReadMemory at 0x2715a4000 of 6024 bytes failed: Nur ein Teil der ReadProcessMemory- oder WriteProcessMemory-Anforderung wurde abgeschlossen. (0x12B)
[1021/203251.770:ERROR:process_memory_win.cc(73)] ReadMemory at 0x17598d10000 of 384 bytes failed: Nur ein Teil der ReadProcessMemory- oder WriteProcessMemory-Anforderung wurde abgeschlossen. (0x12B)
[1021/203251.770:ERROR:process_memory_win.cc(73)] ReadMemory at 0x17598d10fe0 of 6992 bytes failed: Nur ein Teil der ReadProcessMemory- oder WriteProcessMemory-Anforderung wurde abgeschlossen. (0x12B)
[1021/203251.770:ERROR:process_memory_win.cc(73)] ReadMemory at 0x17598d12b40 of 1012 bytes failed: Nur ein Teil der ReadProcessMemory- oder WriteProcessMemory-Anforderung wurde abgeschlossen. (0x12B)
[1021/203251.770:ERROR:process_memory_win.cc(73)] ReadMemory at 0x17598d13188 of 118 bytes failed: Nur ein Teil der ReadProcessMemory- oder WriteProcessMemory-Anforderung wurde abgeschlossen. (0x12B)
[1021/203251.770:ERROR:process_memory_win.cc(73)] ReadMemory at 0x17598d13200 of 708 bytes failed: Nur ein Teil der ReadProcessMemory- oder WriteProcessMemory-Anforderung wurde abgeschlossen. (0x12B)
[1021/203251.770:ERROR:process_memory_win.cc(73)] ReadMemory at 0x17598d134c6 of 118 bytes failed: Nur ein Teil der ReadProcessMemory- oder WriteProcessMemory-Anforderung wurde abgeschlossen. (0x12B)
[1021/203251.770:ERROR:process_memory_win.cc(73)] ReadMemory at 0x17598d1353e of 100 bytes failed: Nur ein Teil der ReadProcessMemory- oder WriteProcessMemory-Anforderung wurde abgeschlossen. (0x12B)
[1021/203251.771:ERROR:process_memory_win.cc(73)] ReadMemory at 0x17598d135b0 of 58 bytes failed: Nur ein Teil der ReadProcessMemory- oder WriteProcessMemory-Anforderung wurde abgeschlossen. (0x12B)
[1021/203251.771:ERROR:process_memory_win.cc(73)] ReadMemory at 0x17598d136b0 of 132 bytes failed: Nur ein Teil der ReadProcessMemory- oder WriteProcessMemory-Anforderung wurde abgeschlossen. (0x12B)
[1021/203251.771:ERROR:process_memory_win.cc(73)] ReadMemory at 0x17598d13840 of 132 bytes failed: Nur ein Teil der ReadProcessMemory- oder WriteProcessMemory-Anforderung wurde abgeschlossen. (0x12B)
[1021/203251.771:ERROR:process_memory_win.cc(73)] ReadMemory at 0x17598d13a00 of 124 bytes failed: Nur ein Teil der ReadProcessMemory- oder WriteProcessMemory-Anforderung wurde abgeschlossen. (0x12B)
[1021/203251.771:ERROR:process_memory_win.cc(73)] ReadMemory at 0x17598d13f00 of 132 bytes failed: Nur ein Teil der ReadProcessMemory- oder WriteProcessMemory-Anforderung wurde abgeschlossen. (0x12B)
[1021/203251.771:ERROR:process_memory_win.cc(73)] ReadMemory at 0x17598d14090 of 64 bytes failed: Nur ein Teil der ReadProcessMemory- oder WriteProcessMemory-Anforderung wurde abgeschlossen. (0x12B)
[1021/203251.771:ERROR:process_memory_win.cc(73)] ReadMemory at 0x17598d14250 of 132 bytes failed: Nur ein Teil der ReadProcessMemory- oder WriteProcessMemory-Anforderung wurde abgeschlossen. (0x12B)
[1021/203251.771:ERROR:process_memory_win.cc(73)] ReadMemory at 0x17598d144f0 of 132 bytes failed: Nur ein Teil der ReadProcessMemory- oder WriteProcessMemory-Anforderung wurde abgeschlossen. (0x12B)
[1021/203251.771:ERROR:process_memory_win.cc(73)] ReadMemory at 0x17598d14680 of 68 bytes failed: Nur ein Teil der ReadProcessMemory- oder WriteProcessMemory-Anforderung wurde abgeschlossen. (0x12B)
[1021/203251.771:ERROR:process_memory_win.cc(73)] ReadMemory at 0x17598d15730 of 132 bytes failed: Nur ein Teil der ReadProcessMemory- oder WriteProcessMemory-Anforderung wurde abgeschlossen. (0x12B)
[1021/203251.771:ERROR:process_memory_win.cc(73)] ReadMemory at 0x17598d158c0 of 152 bytes failed: Nur ein Teil der ReadProcessMemory- oder WriteProcessMemory-Anforderung wurde abgeschlossen. (0x12B)
[1021/203251.771:ERROR:process_memory_win.cc(73)] ReadMemory at 0x17598d165a0 of 62 bytes failed: Nur ein Teil der ReadProcessMemory- oder WriteProcessMemory-Anforderung wurde abgeschlossen. (0x12B)
[1021/203251.772:ERROR:process_memory_win.cc(73)] ReadMemory at 0x17598d16790 of 132 bytes failed: Nur ein Teil der ReadProcessMemory- oder WriteProcessMemory-Anforderung wurde abgeschlossen. (0x12B)
[1021/203251.772:ERROR:process_memory_win.cc(73)] ReadMemory at 0x17598d168c0 of 60 bytes failed: Nur ein Teil der ReadProcessMemory- oder WriteProcessMemory-Anforderung wurde abgeschlossen. (0x12B)
[1021/203251.772:ERROR:process_memory_win.cc(73)] ReadMemory at 0x17598d1bd40 of 54 bytes failed: Nur ein Teil der ReadProcessMemory- oder WriteProcessMemory-Anforderung wurde abgeschlossen. (0x12B)
[1021/203251.772:ERROR:process_memory_win.cc(73)] ReadMemory at 0x17598d1fcd0 of 80 bytes failed: Nur ein Teil der ReadProcessMemory- oder WriteProcessMemory-Anforderung wurde abgeschlossen. (0x12B)
[1021/203251.772:ERROR:process_memory_win.cc(73)] ReadMemory at 0x17598d24970 of 132 bytes failed: Nur ein Teil der ReadProcessMemory- oder WriteProcessMemory-Anforderung wurde abgeschlossen. (0x12B)
[1021/203251.772:ERROR:process_memory_win.cc(73)] ReadMemory at 0x17598d24c80 of 132 bytes failed: Nur ein Teil der ReadProcessMemory- oder WriteProcessMemory-Anforderung wurde abgeschlossen. (0x12B)
[1021/203251.772:ERROR:process_memory_win.cc(73)] ReadMemory at 0x17598d257b0 of 132 bytes failed: Nur ein Teil der ReadProcessMemory- oder WriteProcessMemory-Anforderung wurde abgeschlossen. (0x12B)
[1021/203251.772:ERROR:process_memory_win.cc(73)] ReadMemory at 0x17598d259d0 of 132 bytes failed: Nur ein Teil der ReadProcessMemory- oder WriteProcessMemory-Anforderung wurde abgeschlossen. (0x12B)
[1021/203251.772:ERROR:process_memory_win.cc(73)] ReadMemory at 0x17598d261a0 of 144 bytes failed: Nur ein Teil der ReadProcessMemory- oder WriteProcessMemory-Anforderung wurde abgeschlossen. (0x12B)
[1021/203251.772:ERROR:process_memory_win.cc(73)] ReadMemory at 0x17598d26250 of 132 bytes failed: Nur ein Teil der ReadProcessMemory- oder WriteProcessMemory-Anforderung wurde abgeschlossen. (0x12B)
[1021/203251.772:ERROR:process_memory_win.cc(73)] ReadMemory at 0x17598d26c00 of 132 bytes failed: Nur ein Teil der ReadProcessMemory- oder WriteProcessMemory-Anforderung wurde abgeschlossen. (0x12B)
[1021/203251.773:ERROR:process_memory_win.cc(73)] ReadMemory at 0x17598d26e60 of 132 bytes failed: Nur ein Teil der ReadProcessMemory- oder WriteProcessMemory-Anforderung wurde abgeschlossen. (0x12B)
[1021/203251.773:ERROR:process_memory_win.cc(73)] ReadMemory at 0x17598d26f90 of 132 bytes failed: Nur ein Teil der ReadProcessMemory- oder WriteProcessMemory-Anforderung wurde abgeschlossen. (0x12B)
[1021/203251.773:ERROR:process_memory_win.cc(73)] ReadMemory at 0x17598d270c0 of 132 bytes failed: Nur ein Teil der ReadProcessMemory- oder WriteProcessMemory-Anforderung wurde abgeschlossen. (0x12B)
[1021/203251.773:ERROR:process_memory_win.cc(73)] ReadMemory at 0x17598d271f0 of 132 bytes failed: Nur ein Teil der ReadProcessMemory- oder WriteProcessMemory-Anforderung wurde abgeschlossen. (0x12B)
[1021/203251.773:ERROR:process_memory_win.cc(73)] ReadMemory at 0x17598d27320 of 132 bytes failed: Nur ein Teil der ReadProcessMemory- oder WriteProcessMemory-Anforderung wurde abgeschlossen. (0x12B)
[1021/203251.773:ERROR:process_memory_win.cc(73)] ReadMemory at 0x17598d27450 of 132 bytes failed: Nur ein Teil der ReadProcessMemory- oder WriteProcessMemory-Anforderung wurde abgeschlossen. (0x12B)
[1021/203251.773:ERROR:process_memory_win.cc(73)] ReadMemory at 0x17598d27580 of 132 bytes failed: Nur ein Teil der ReadProcessMemory- oder WriteProcessMemory-Anforderung wurde abgeschlossen. (0x12B)
[1021/203251.773:ERROR:process_memory_win.cc(73)] ReadMemory at 0x17598d276b0 of 132 bytes failed: Nur ein Teil der ReadProcessMemory- oder WriteProcessMemory-Anforderung wurde abgeschlossen. (0x12B)
[1021/203251.773:ERROR:process_memory_win.cc(73)] ReadMemory at 0x17598d277e0 of 132 bytes failed: Nur ein Teil der ReadProcessMemory- oder WriteProcessMemory-Anforderung wurde abgeschlossen. (0x12B)
[1021/203251.773:ERROR:process_memory_win.cc(73)] ReadMemory at 0x17598d27910 of 132 bytes failed: Nur ein Teil der ReadProcessMemory- oder WriteProcessMemory-Anforderung wurde abgeschlossen. (0x12B)
[1021/203251.773:ERROR:process_memory_win.cc(73)] ReadMemory at 0x17598d27a40 of 132 bytes failed: Nur ein Teil der ReadProcessMemory- oder WriteProcessMemory-Anforderung wurde abgeschlossen. (0x12B)
[1021/203251.773:ERROR:process_memory_win.cc(73)] ReadMemory at 0x17598d28230 of 64 bytes failed: Nur ein Teil der ReadProcessMemory- oder WriteProcessMemory-Anforderung wurde abgeschlossen. (0x12B)
[1021/203251.774:ERROR:process_memory_win.cc(73)] ReadMemory at 0x17598d28320 of 60 bytes failed: Nur ein Teil der ReadProcessMemory- oder WriteProcessMemory-Anforderung wurde abgeschlossen. (0x12B)
[1021/203251.774:ERROR:process_memory_win.cc(73)] ReadMemory at 0x17598d28550 of 62 bytes failed: Nur ein Teil der ReadProcessMemory- oder WriteProcessMemory-Anforderung wurde abgeschlossen. (0x12B)
[1021/203251.774:ERROR:process_memory_win.cc(73)] ReadMemory at 0x17598d28640 of 62 bytes failed: Nur ein Teil der ReadProcessMemory- oder WriteProcessMemory-Anforderung wurde abgeschlossen. (0x12B)
[1021/203251.774:ERROR:process_memory_win.cc(73)] ReadMemory at 0x17598d28690 of 62 bytes failed: Nur ein Teil der ReadProcessMemory- oder WriteProcessMemory-Anforderung wurde abgeschlossen. (0x12B)
[1021/203251.774:ERROR:process_memory_win.cc(73)] ReadMemory at 0x17598d286e0 of 64 bytes failed: Nur ein Teil der ReadProcessMemory- oder WriteProcessMemory-Anforderung wurde abgeschlossen. (0x12B)
[1021/203251.774:ERROR:process_memory_win.cc(73)] ReadMemory at 0x17598d28730 of 62 bytes failed: Nur ein Teil der ReadProcessMemory- oder WriteProcessMemory-Anforderung wurde abgeschlossen. (0x12B)
[1021/203251.774:ERROR:process_memory_win.cc(73)] ReadMemory at 0x17598d287d0 of 62 bytes failed: Nur ein Teil der ReadProcessMemory- oder WriteProcessMemory-Anforderung wurde abgeschlossen. (0x12B)
[1021/203251.774:ERROR:process_memory_win.cc(73)] ReadMemory at 0x17598d28870 of 62 bytes failed: Nur ein Teil der ReadProcessMemory- oder WriteProcessMemory-Anforderung wurde abgeschlossen. (0x12B)
[1021/203251.774:ERROR:process_memory_win.cc(73)] ReadMemory at 0x17598d28910 of 64 bytes failed: Nur ein Teil der ReadProcessMemory- oder WriteProcessMemory-Anforderung wurde abgeschlossen. (0x12B)
[1021/203251.774:ERROR:process_memory_win.cc(73)] ReadMemory at 0x17598d28960 of 58 bytes failed: Nur ein Teil der ReadProcessMemory- oder WriteProcessMemory-Anforderung wurde abgeschlossen. (0x12B)
[1021/203251.774:ERROR:process_memory_win.cc(73)] ReadMemory at 0x17598d289b0 of 64 bytes failed: Nur ein Teil der ReadProcessMemory- oder WriteProcessMemory-Anforderung wurde abgeschlossen. (0x12B)
[1021/203251.774:ERROR:process_memory_win.cc(73)] ReadMemory at 0x17598d28a00 of 62 bytes failed: Nur ein Teil der ReadProcessMemory- oder WriteProcessMemory-Anforderung wurde abgeschlossen. (0x12B)
[1021/203251.775:ERROR:process_memory_win.cc(73)] ReadMemory at 0x17598d28a50 of 60 bytes failed: Nur ein Teil der ReadProcessMemory- oder WriteProcessMemory-Anforderung wurde abgeschlossen. (0x12B)
[1021/203251.775:ERROR:process_memory_win.cc(73)] ReadMemory at 0x17598d28aa0 of 60 bytes failed: Nur ein Teil der ReadProcessMemory- oder WriteProcessMemory-Anforderung wurde abgeschlossen. (0x12B)
[1021/203251.775:ERROR:process_memory_win.cc(73)] ReadMemory at 0x17598d28b90 of 62 bytes failed: Nur ein Teil der ReadProcessMemory- oder WriteProcessMemory-Anforderung wurde abgeschlossen. (0x12B)
[1021/203251.775:ERROR:process_memory_win.cc(73)] ReadMemory at 0x17598d28be0 of 64 bytes failed: Nur ein Teil der ReadProcessMemory- oder WriteProcessMemory-Anforderung wurde abgeschlossen. (0x12B)
[1021/203251.775:ERROR:process_memory_win.cc(73)] ReadMemory at 0x17598d28c80 of 60 bytes failed: Nur ein Teil der ReadProcessMemory- oder WriteProcessMemory-Anforderung wurde abgeschlossen. (0x12B)
[1021/203251.775:ERROR:process_memory_win.cc(73)] ReadMemory at 0x17598d28cd0 of 62 bytes failed: Nur ein Teil der ReadProcessMemory- oder WriteProcessMemory-Anforderung wurde abgeschlossen. (0x12B)
[1021/203251.775:ERROR:process_memory_win.cc(73)] ReadMemory at 0x17598d28d20 of 64 bytes failed: Nur ein Teil der ReadProcessMemory- oder WriteProcessMemory-Anforderung wurde abgeschlossen. (0x12B)
[1021/203251.775:ERROR:process_memory_win.cc(73)] ReadMemory at 0x17598d28dc0 of 60 bytes failed: Nur ein Teil der ReadProcessMemory- oder WriteProcessMemory-Anforderung wurde abgeschlossen. (0x12B)
[1021/203251.775:ERROR:process_memory_win.cc(73)] ReadMemory at 0x17598d28e10 of 60 bytes failed: Nur ein Teil der ReadProcessMemory- oder WriteProcessMemory-Anforderung wurde abgeschlossen. (0x12B)
[1021/203251.775:ERROR:process_memory_win.cc(73)] ReadMemory at 0x17598d28e60 of 64 bytes failed: Nur ein Teil der ReadProcessMemory- oder WriteProcessMemory-Anforderung wurde abgeschlossen. (0x12B)
[1021/203251.776:ERROR:process_memory_win.cc(73)] ReadMemory at 0x17598d28eb0 of 66 bytes failed: Nur ein Teil der ReadProcessMemory- oder WriteProcessMemory-Anforderung wurde abgeschlossen. (0x12B)
[1021/203251.776:ERROR:process_memory_win.cc(73)] ReadMemory at 0x17598d29040 of 62 bytes failed: Nur ein Teil der ReadProcessMemory- oder WriteProcessMemory-Anforderung wurde abgeschlossen. (0x12B)
[1021/203251.776:ERROR:process_memory_win.cc(73)] ReadMemory at 0x17598d29090 of 64 bytes failed: Nur ein Teil der ReadProcessMemory- oder WriteProcessMemory-Anforderung wurde abgeschlossen. (0x12B)
[1021/203251.776:ERROR:process_memory_win.cc(73)] ReadMemory at 0x17598d29130 of 66 bytes failed: Nur ein Teil der ReadProcessMemory- oder WriteProcessMemory-Anforderung wurde abgeschlossen. (0x12B)
[1021/203251.776:ERROR:process_memory_win.cc(73)] ReadMemory at 0x17598d2a310 of 132 bytes failed: Nur ein Teil der ReadProcessMemory- oder WriteProcessMemory-Anforderung wurde abgeschlossen. (0x12B)
[1021/203251.776:ERROR:process_memory_win.cc(73)] ReadMemory at 0x17598d2acc0 of 132 bytes failed: Nur ein Teil der ReadProcessMemory- oder WriteProcessMemory-Anforderung wurde abgeschlossen. (0x12B)
[1021/203251.776:ERROR:process_memory_win.cc(73)] ReadMemory at 0x17598d2adf0 of 132 bytes failed: Nur ein Teil der ReadProcessMemory- oder WriteProcessMemory-Anforderung wurde abgeschlossen. (0x12B)
[1021/203251.776:ERROR:process_memory_win.cc(73)] ReadMemory at 0x17598d2b320 of 132 bytes failed: Nur ein Teil der ReadProcessMemory- oder WriteProcessMemory-Anforderung wurde abgeschlossen. (0x12B)
[1021/203251.777:ERROR:process_memory_win.cc(73)] ReadMemory at 0x17598d31a80 of 132 bytes failed: Nur ein Teil der ReadProcessMemory- oder WriteProcessMemory-Anforderung wurde abgeschlossen. (0x12B)
[1021/203251.777:ERROR:process_memory_win.cc(73)] ReadMemory at 0x17598d32400 of 76 bytes failed: Nur ein Teil der ReadProcessMemory- oder WriteProcessMemory-Anforderung wurde abgeschlossen. (0x12B)
[1021/203251.777:ERROR:process_memory_win.cc(73)] ReadMemory at 0x17598d32640 of 80 bytes failed: Nur ein Teil der ReadProcessMemory- oder WriteProcessMemory-Anforderung wurde abgeschlossen. (0x12B)
[1021/203251.777:ERROR:process_memory_win.cc(73)] ReadMemory at 0x17598d34260 of 132 bytes failed: Nur ein Teil der ReadProcessMemory- oder WriteProcessMemory-Anforderung wurde abgeschlossen. (0x12B)
[1021/203251.777:ERROR:process_memory_win.cc(73)] ReadMemory at 0x17598d34390 of 132 bytes failed: Nur ein Teil der ReadProcessMemory- oder WriteProcessMemory-Anforderung wurde abgeschlossen. (0x12B)
[1021/203251.777:ERROR:process_memory_win.cc(73)] ReadMemory at 0x17598d345f0 of 132 bytes failed: Nur ein Teil der ReadProcessMemory- oder WriteProcessMemory-Anforderung wurde abgeschlossen. (0x12B)
[1021/203251.777:ERROR:process_memory_win.cc(73)] ReadMemory at 0x17598d34720 of 132 bytes failed: Nur ein Teil der ReadProcessMemory- oder WriteProcessMemory-Anforderung wurde abgeschlossen. (0x12B)
[1021/203251.777:ERROR:process_memory_win.cc(73)] ReadMemory at 0x17598d34850 of 132 bytes failed: Nur ein Teil der ReadProcessMemory- oder WriteProcessMemory-Anforderung wurde abgeschlossen. (0x12B)
[1021/203251.777:ERROR:process_memory_win.cc(73)] ReadMemory at 0x17598d35690 of 132 bytes failed: Nur ein Teil der ReadProcessMemory- oder WriteProcessMemory-Anforderung wurde abgeschlossen. (0x12B)
[1021/203251.777:ERROR:process_memory_win.cc(73)] ReadMemory at 0x17598d357c0 of 132 bytes failed: Nur ein Teil der ReadProcessMemory- oder WriteProcessMemory-Anforderung wurde abgeschlossen. (0x12B)
[1021/203251.778:ERROR:process_memory_win.cc(73)] ReadMemory at 0x17598d358f0 of 132 bytes failed: Nur ein Teil der ReadProcessMemory- oder WriteProcessMemory-Anforderung wurde abgeschlossen. (0x12B)
[1021/203251.778:ERROR:process_memory_win.cc(73)] ReadMemory at 0x17598d35a20 of 132 bytes failed: Nur ein Teil der ReadProcessMemory- oder WriteProcessMemory-Anforderung wurde abgeschlossen. (0x12B)
[1021/203251.778:ERROR:process_memory_win.cc(73)] ReadMemory at 0x17598d35b50 of 132 bytes failed: Nur ein Teil der ReadProcessMemory- oder WriteProcessMemory-Anforderung wurde abgeschlossen. (0x12B)
[1021/203251.778:ERROR:process_memory_win.cc(73)] ReadMemory at 0x17598d7c4c0 of 768 bytes failed: Nur ein Teil der ReadProcessMemory- oder WriteProcessMemory-Anforderung wurde abgeschlossen. (0x12B)
[1021/203251.778:ERROR:process_memory_win.cc(73)] ReadMemory at 0x17598d7dac0 of 512 bytes failed: Nur ein Teil der ReadProcessMemory- oder WriteProcessMemory-Anforderung wurde abgeschlossen. (0x12B)
[1021/203251.778:ERROR:process_memory_win.cc(73)] ReadMemory at 0x17598d7e210 of 512 bytes failed: Nur ein Teil der ReadProcessMemory- oder WriteProcessMemory-Anforderung wurde abgeschlossen. (0x12B)
[1021/203251.778:ERROR:process_memory_win.cc(73)] ReadMemory at 0x17598d917b0 of 512 bytes failed: Nur ein Teil der ReadProcessMemory- oder WriteProcessMemory-Anforderung wurde abgeschlossen. (0x12B)
[1021/203251.778:ERROR:process_memory_win.cc(73)] ReadMemory at 0x17598d953e0 of 512 bytes failed: Nur ein Teil der ReadProcessMemory- oder WriteProcessMemory-Anforderung wurde abgeschlossen. (0x12B)
[1021/203251.779:ERROR:process_memory_win.cc(73)] ReadMemory at 0x17598da0460 of 712 bytes failed: Nur ein Teil der ReadProcessMemory- oder WriteProcessMemory-Anforderung wurde abgeschlossen. (0x12B)
[1021/203251.779:ERROR:process_memory_win.cc(73)] ReadMemory at 0x17598dafc90 of 512 bytes failed: Nur ein Teil der ReadProcessMemory- oder WriteProcessMemory-Anforderung wurde abgeschlossen. (0x12B)
[1021/203251.779:ERROR:process_memory_win.cc(73)] ReadMemory at 0x17598db8980 of 512 bytes failed: Nur ein Teil der ReadProcessMemory- oder WriteProcessMemory-Anforderung wurde abgeschlossen. (0x12B)
[1021/203251.779:ERROR:process_memory_win.cc(73)] ReadMemory at 0x17598db9510 of 512 bytes failed: Nur ein Teil der ReadProcessMemory- oder WriteProcessMemory-Anforderung wurde abgeschlossen. (0x12B)
[1021/203251.779:ERROR:process_memory_win.cc(73)] ReadMemory at 0x17598dc2360 of 512 bytes failed: Nur ein Teil der ReadProcessMemory- oder WriteProcessMemory-Anforderung wurde abgeschlossen. (0x12B)
[1021/203251.779:ERROR:process_memory_win.cc(73)] ReadMemory at 0x17598dc2de0 of 512 bytes failed: Nur ein Teil der ReadProcessMemory- oder WriteProcessMemory-Anforderung wurde abgeschlossen. (0x12B)
[1021/203251.779:ERROR:process_memory_win.cc(73)] ReadMemory at 0x17598dc3b86 of 592 bytes failed: Nur ein Teil der ReadProcessMemory- oder WriteProcessMemory-Anforderung wurde abgeschlossen. (0x12B)
[1021/203251.779:ERROR:process_memory_win.cc(73)] ReadMemory at 0x17598dc6e18 of 512 bytes failed: Nur ein Teil der ReadProcessMemory- oder WriteProcessMemory-Anforderung wurde abgeschlossen. (0x12B)
[1021/203251.779:ERROR:process_memory_win.cc(73)] ReadMemory at 0x17598df0d30 of 512 bytes failed: Nur ein Teil der ReadProcessMemory- oder WriteProcessMemory-Anforderung wurde abgeschlossen. (0x12B)
[1021/203251.780:ERROR:process_memory_win.cc(73)] ReadMemory at 0x17598e06d96 of 512 bytes failed: Nur ein Teil der ReadProcessMemory- oder WriteProcessMemory-Anforderung wurde abgeschlossen. (0x12B)
[1021/203251.780:ERROR:process_memory_win.cc(73)] ReadMemory at 0x17598e06fb2 of 628 bytes failed: Nur ein Teil der ReadProcessMemory- oder WriteProcessMemory-Anforderung wurde abgeschlossen. (0x12B)
[1021/203251.780:ERROR:process_memory_win.cc(73)] ReadMemory at 0x17598f22980 of 512 bytes failed: Nur ein Teil der ReadProcessMemory- oder WriteProcessMemory-Anforderung wurde abgeschlossen. (0x12B)
[1021/203251.780:ERROR:process_memory_win.cc(73)] ReadMemory at 0x1759a7e0000 of 384 bytes failed: Nur ein Teil der ReadProcessMemory- oder WriteProcessMemory-Anforderung wurde abgeschlossen. (0x12B)
[1021/203251.780:ERROR:process_memory_win.cc(73)] ReadMemory at 0x1759a8c7ad8 of 512 bytes failed: Nur ein Teil der ReadProcessMemory- oder WriteProcessMemory-Anforderung wurde abgeschlossen. (0x12B)
[1021/203251.780:ERROR:process_memory_win.cc(73)] ReadMemory at 0x1759a8c82b8 of 512 bytes failed: Nur ein Teil der ReadProcessMemory- oder WriteProcessMemory-Anforderung wurde abgeschlossen. (0x12B)
[1021/203251.780:ERROR:process_memory_win.cc(73)] ReadMemory at 0x1759a8c8738 of 656 bytes failed: Nur ein Teil der ReadProcessMemory- oder WriteProcessMemory-Anforderung wurde abgeschlossen. (0x12B)
[1021/203251.781:ERROR:process_memory_win.cc(73)] ReadMemory at 0x1759a8c94b8 of 512 bytes failed: Nur ein Teil der ReadProcessMemory- oder WriteProcessMemory-Anforderung wurde abgeschlossen. (0x12B)
[1021/203251.781:ERROR:process_memory_win.cc(73)] ReadMemory at 0x1759a8e0000 of 384 bytes failed: Nur ein Teil der ReadProcessMemory- oder WriteProcessMemory-Anforderung wurde abgeschlossen. (0x12B)
[1021/203251.781:ERROR:process_memory_win.cc(73)] ReadMemory at 0x6bf2718b12a8 of 512 bytes failed: Nur ein Teil der ReadProcessMemory- oder WriteProcessMemory-Anforderung wurde abgeschlossen. (0x12B)
[1021/203251.781:ERROR:process_memory_win.cc(73)] ReadMemory at 0x7ff82a241fd0 of 512 bytes failed: Nur ein Teil der ReadProcessMemory- oder WriteProcessMemory-Anforderung wurde abgeschlossen. (0x12B)
[1021/203251.781:ERROR:process_memory_win.cc(73)] ReadMemory at 0x7ff82b6dc0c4 of 832 bytes failed: Nur ein Teil der ReadProcessMemory- oder WriteProcessMemory-Anforderung wurde abgeschlossen. (0x12B)
[1021/203251.781:ERROR:process_memory_win.cc(73)] ReadMemory at 0x7ff82b6df974 of 608 bytes failed: Nur ein Teil der ReadProcessMemory- oder WriteProcessMemory-Anforderung wurde abgeschlossen. (0x12B)
[1021/203251.781:ERROR:process_memory_win.cc(73)] ReadMemory at 0x7ff82b76c428 of 18 bytes failed: Nur ein Teil der ReadProcessMemory- oder WriteProcessMemory-Anforderung wurde abgeschlossen. (0x12B)
[1021/203251.781:ERROR:process_memory_win.cc(73)] ReadMemory at 0x7ff82b79f4f8 of 40 bytes failed: Nur ein Teil der ReadProcessMemory- oder WriteProcessMemory-Anforderung wurde abgeschlossen. (0x12B)
[1021/203251.781:ERROR:process_memory_win.cc(73)] ReadMemory at 0x7ff82b79f978 of 48 bytes failed: Nur ein Teil der ReadProcessMemory- oder WriteProcessMemory-Anforderung wurde abgeschlossen. (0x12B)
[1021/203251.782:ERROR:process_memory_win.cc(73)] ReadMemory at 0x7ff82b7a53c0 of 64 bytes failed: Nur ein Teil der ReadProcessMemory- oder WriteProcessMemory-Anforderung wurde abgeschlossen. (0x12B)
[1021/203251.782:ERROR:process_memory_win.cc(73)] ReadMemory at 0x7fffb5fbc3c0 of 512 bytes failed: Nur ein Teil der ReadProcessMemory- oder WriteProcessMemory-Anforderung wurde abgeschlossen. (0x12B)
[1021/203251.782:ERROR:process_memory_win.cc(73)] ReadMemory at 0x7fffb6314eee of 512 bytes failed: Nur ein Teil der ReadProcessMemory- oder WriteProcessMemory-Anforderung wurde abgeschlossen. (0x12B)
[1021/203251.782:ERROR:process_memory_win.cc(73)] ReadMemory at 0x7fffb6ae1dd0 of 512 bytes failed: Nur ein Teil der ReadProcessMemory- oder WriteProcessMemory-Anforderung wurde abgeschlossen. (0x12B)
[1021/203251.782:ERROR:process_memory_win.cc(73)] ReadMemory at 0x7fffb7c92d83 of 512 bytes failed: Nur ein Teil der ReadProcessMemory- oder WriteProcessMemory-Anforderung wurde abgeschlossen. (0x12B)
[1021/203251.782:ERROR:process_memory_win.cc(73)] ReadMemory at 0x7fffbc7cb558 of 512 bytes failed: Nur ein Teil der ReadProcessMemory- oder WriteProcessMemory-Anforderung wurde abgeschlossen. (0x12B)
[1021/203251.782:ERROR:process_memory_win.cc(73)] ReadMemory at 0x7fffbcab40cc of 512 bytes failed: Nur ein Teil der ReadProcessMemory- oder WriteProcessMemory-Anforderung wurde abgeschlossen. (0x12B)
[1021/203251.784:ERROR:scoped_process_suspend.cc(40)] NtResumeProcess: Es wurde versucht, auf einen Prozess zuzugreifen, der gerade beendet wurde. (0xc000010a)
[1023/165457.839:ERROR:directory_reader_win.cc(43)] FindFirstFile: Das System kann den angegebenen Pfad nicht finden. (0x3)
